<?xml version="1.0" encoding="UTF-8"?>
<!-- Generated by org.testng.reporters.JUnitXMLReporter -->
<testsuite ignored="0" hostname="LAPTOP-E41G59HM" failures="0" tests="3" name="CartTest" time="2.361" errors="0" timestamp="2024-09-26T10:08:56 IST">
  <testcase classname="com.swagLabs.testCases.CartPageTest" name="validateRemove" time="0.0">
    <skipped/>
  </testcase> <!-- validateRemove -->
  <testcase classname="com.swagLabs.testCases.CartPageTest" name="validateContinueShopping" time="0.0">
    <skipped/>
  </testcase> <!-- validateContinueShopping -->
  <testcase classname="com.swagLabs.testCases.CartPageTest" name="navigateToCheckoutPage" time="0.0">
    <skipped/>
  </testcase> <!-- navigateToCheckoutPage -->
</testsuite> <!-- CartTest -->
