<?xml version="1.0" encoding="UTF-8"?>
<!-- Generated by org.testng.reporters.JUnitXMLReporter -->
<testsuite ignored="0" hostname="LAPTOP-E41G59HM" failures="0" tests="3" name="InventoryTest" time="1.862" errors="0" timestamp="2024-09-26T10:08:53 IST">
  <testcase classname="com.swagLabs.testCases.LoginPageTest" name="validateUrl" time="0.0">
    <skipped/>
  </testcase> <!-- validateUrl -->
  <testcase classname="com.swagLabs.testCases.LoginPageTest" name="validateTitle" time="0.001">
    <skipped/>
  </testcase> <!-- validateTitle -->
  <testcase classname="com.swagLabs.testCases.LoginPageTest" name="validateLogin" time="0.0">
    <skipped/>
  </testcase> <!-- validateLogin -->
</testsuite> <!-- InventoryTest -->
