<?xml version="1.0" encoding="UTF-8"?>
<!-- Generated by org.testng.reporters.JUnitXMLReporter -->
<testsuite ignored="0" hostname="LAPTOP-E41G59HM" failures="0" tests="2" name="OverviewTest" time="2.892" errors="0" timestamp="2024-09-26T10:09:02 IST">
  <testcase classname="com.swagLabs.testCases.OverviewPageTest" name="validateSummary" time="0.0">
    <skipped/>
  </testcase> <!-- validateSummary -->
  <testcase classname="com.swagLabs.testCases.OverviewPageTest" name="validateCompleteOrder" time="0.0">
    <skipped/>
  </testcase> <!-- validateCompleteOrder -->
</testsuite> <!-- OverviewTest -->
