<?xml version="1.0" encoding="UTF-8"?>
<testsuite xmlns:xsi="http://www.w3.org/2001/XMLSchema-instance" xsi:noNamespaceSchemaLocation="https://maven.apache.org/surefire/maven-surefire-plugin/xsd/surefire-test-report.xsd" version="3.0.1" name="TestSuite" time="111.985" tests="18" errors="0" skipped="17" failures="1">
  <properties>
[...]
</properties>
  <testcase name="setUp" classname="com.swagLabs.baseTest.BaseTest" time="111.139">
    <failure message="Could not start a new session. Response code 500. Message: session not created: This version of ChromeDriver only supports Chrome version 127&#10;Current browser version is 129.0.6668.70 with binary path C:\Program Files (x86)\Google\Chrome\Application\chrome.exe &#10;Host info: host: &apos;LAPTOP-E41G59HM&apos;, ip: &apos;192.168.0.108&apos;&#10;Build info: version: &apos;4.23.1&apos;, revision: &apos;656257d8e9&apos;&#10;System info: os.name: &apos;Windows 10&apos;, os.arch: &apos;amd64&apos;, os.version: &apos;10.0&apos;, java.version: &apos;21.0.4&apos;&#10;Driver info: org.openqa.selenium.chrome.ChromeDriver&#10;Command: [null, newSession {capabilities=[Capabilities {browserName: chrome, goog:chromeOptions: {args: [], binary: C:\Program Files (x86)\Goog..., extensions: []}}]}]" type="org.openqa.selenium.SessionNotCreatedException"><![CDATA[org.openqa.selenium.SessionNotCreatedException: 
Could not start a new session. Response code 500. Message: session not created: This version of ChromeDriver only supports Chrome version 127
Current browser version is 129.0.6668.70 with binary path C:\Program Files (x86)\Google\Chrome\Application\chrome.exe 
Host info: host: 'LAPTOP-E41G59HM', ip: '192.168.0.108'
Build info: version: '4.23.1', revision: '656257d8e9'
System info: os.name: 'Windows 10', os.arch: 'amd64', os.version: '10.0', java.version: '21.0.4'
Driver info: org.openqa.selenium.chrome.ChromeDriver
Command: [null, newSession {capabilities=[Capabilities {browserName: chrome, goog:chromeOptions: {args: [], binary: C:\Program Files (x86)\Goog..., extensions: []}}]}]
	at org.openqa.selenium.remote.ProtocolHandshake.createSession(ProtocolHandshake.java:114)
	at org.openqa.selenium.remote.ProtocolHandshake.createSession(ProtocolHandshake.java:75)
	at org.openqa.selenium.remote.ProtocolHandshake.createSession(ProtocolHandshake.java:61)
	at org.openqa.selenium.remote.HttpCommandExecutor.execute(HttpCommandExecutor.java:162)
	at org.openqa.selenium.remote.service.DriverCommandExecutor.invokeExecute(DriverCommandExecutor.java:216)
	at org.openqa.selenium.remote.service.DriverCommandExecutor.execute(DriverCommandExecutor.java:174)
	at org.openqa.selenium.remote.RemoteWebDriver.execute(RemoteWebDriver.java:545)
	at org.openqa.selenium.remote.RemoteWebDriver.startSession(RemoteWebDriver.java:245)
	at org.openqa.selenium.remote.RemoteWebDriver.<init>(RemoteWebDriver.java:174)
	at org.openqa.selenium.chromium.ChromiumDriver.<init>(ChromiumDriver.java:114)
	at org.openqa.selenium.chrome.ChromeDriver.<init>(ChromeDriver.java:88)
	at org.openqa.selenium.chrome.ChromeDriver.<init>(ChromeDriver.java:83)
	at org.openqa.selenium.chrome.ChromeDriver.<init>(ChromeDriver.java:51)
	at com.swagLabs.baseTest.BaseTest.setUp(BaseTest.java:28)
	at java.base/jdk.internal.reflect.DirectMethodHandleAccessor.invoke(DirectMethodHandleAccessor.java:103)
	at java.base/java.lang.reflect.Method.invoke(Method.java:580)
	at org.testng.internal.invokers.MethodInvocationHelper.invokeMethod(MethodInvocationHelper.java:139)
	at org.testng.internal.invokers.MethodInvocationHelper.invokeMethodConsideringTimeout(MethodInvocationHelper.java:69)
	at org.testng.internal.invokers.ConfigInvoker.invokeConfigurationMethod(ConfigInvoker.java:361)
	at org.testng.internal.invokers.ConfigInvoker.invokeConfigurations(ConfigInvoker.java:296)
	at org.testng.TestRunner.invokeTestConfigurations(TestRunner.java:644)
	at org.testng.TestRunner.beforeRun(TestRunner.java:633)
	at org.testng.TestRunner.run(TestRunner.java:595)
	at org.testng.SuiteRunner.runTest(SuiteRunner.java:437)
	at org.testng.SuiteRunner.runSequentially(SuiteRunner.java:431)
	at org.testng.SuiteRunner.privateRun(SuiteRunner.java:391)
	at org.testng.SuiteRunner.run(SuiteRunner.java:330)
	at org.testng.SuiteRunnerWorker.runSuite(SuiteRunnerWorker.java:52)
	at org.testng.SuiteRunnerWorker.run(SuiteRunnerWorker.java:95)
	at org.testng.TestNG.runSuitesSequentially(TestNG.java:1256)
	at org.testng.TestNG.runSuitesLocally(TestNG.java:1176)
	at org.testng.TestNG.runSuites(TestNG.java:1099)
	at org.testng.TestNG.run(TestNG.java:1067)
	at org.apache.maven.surefire.testng.TestNGExecutor.run(TestNGExecutor.java:155)
	at org.apache.maven.surefire.testng.TestNGDirectoryTestSuite.executeMulti(TestNGDirectoryTestSuite.java:169)
	at org.apache.maven.surefire.testng.TestNGDirectoryTestSuite.execute(TestNGDirectoryTestSuite.java:88)
	at org.apache.maven.surefire.testng.TestNGProvider.invoke(TestNGProvider.java:137)
	at org.apache.maven.surefire.booter.ForkedBooter.runSuitesInProcess(ForkedBooter.java:385)
	at org.apache.maven.surefire.booter.ForkedBooter.execute(ForkedBooter.java:162)
	at org.apache.maven.surefire.booter.ForkedBooter.run(ForkedBooter.java:507)
	at org.apache.maven.surefire.booter.ForkedBooter.main(ForkedBooter.java:495)
]]></failure>
    <system-err><![CDATA[SLF4J: Failed to load class "org.slf4j.impl.StaticLoggerBinder".
SLF4J: Defaulting to no-operation (NOP) logger implementation
SLF4J: See http://www.slf4j.org/codes.html#StaticLoggerBinder for further details.
Sep 26, 2024 10:02:26 AM org.openqa.selenium.manager.SeleniumManager lambda$runCommand$1
WARNING: The chromedriver version (127.0.6533.119) detected in PATH at C:\Users\Manish\eclipse-workspace\SeleniumAutomation\drivers\chromedriver.exe might not be compatible with the detected chrome version (129.0.6668.70); currently, chromedriver 129.0.6668.70 is recommended for chrome 129.*, so it is advised to delete the driver in PATH and retry
]]></system-err>
  </testcase>
  <testcase name="pageSetUp" classname="com.swagLabs.testCases.CartPageTest" time="0.0">
    <skipped/>
  </testcase>
  <testcase name="validateRemove" classname="com.swagLabs.testCases.CartPageTest" time="0.0">
    <skipped message="Could not start a new session. Response code 500. Message: session not created: This version of ChromeDriver only supports Chrome version 127&#10;Current browser version is 129.0.6668.70 with binary path C:\Program Files (x86)\Google\Chrome\Application\chrome.exe &#10;Host info: host: &apos;LAPTOP-E41G59HM&apos;, ip: &apos;192.168.0.108&apos;&#10;Build info: version: &apos;4.23.1&apos;, revision: &apos;656257d8e9&apos;&#10;System info: os.name: &apos;Windows 10&apos;, os.arch: &apos;amd64&apos;, os.version: &apos;10.0&apos;, java.version: &apos;21.0.4&apos;&#10;Driver info: org.openqa.selenium.chrome.ChromeDriver&#10;Command: [null, newSession {capabilities=[Capabilities {browserName: chrome, goog:chromeOptions: {args: [], binary: C:\Program Files (x86)\Goog..., extensions: []}}]}]"/>
  </testcase>
  <testcase name="validateContinueShopping" classname="com.swagLabs.testCases.CartPageTest" time="0.0">
    <skipped message="Could not start a new session. Response code 500. Message: session not created: This version of ChromeDriver only supports Chrome version 127&#10;Current browser version is 129.0.6668.70 with binary path C:\Program Files (x86)\Google\Chrome\Application\chrome.exe &#10;Host info: host: &apos;LAPTOP-E41G59HM&apos;, ip: &apos;192.168.0.108&apos;&#10;Build info: version: &apos;4.23.1&apos;, revision: &apos;656257d8e9&apos;&#10;System info: os.name: &apos;Windows 10&apos;, os.arch: &apos;amd64&apos;, os.version: &apos;10.0&apos;, java.version: &apos;21.0.4&apos;&#10;Driver info: org.openqa.selenium.chrome.ChromeDriver&#10;Command: [null, newSession {capabilities=[Capabilities {browserName: chrome, goog:chromeOptions: {args: [], binary: C:\Program Files (x86)\Goog..., extensions: []}}]}]"/>
  </testcase>
  <testcase name="navigateToCheckoutPage" classname="com.swagLabs.testCases.CartPageTest" time="0.0">
    <skipped message="Could not start a new session. Response code 500. Message: session not created: This version of ChromeDriver only supports Chrome version 127&#10;Current browser version is 129.0.6668.70 with binary path C:\Program Files (x86)\Google\Chrome\Application\chrome.exe &#10;Host info: host: &apos;LAPTOP-E41G59HM&apos;, ip: &apos;192.168.0.108&apos;&#10;Build info: version: &apos;4.23.1&apos;, revision: &apos;656257d8e9&apos;&#10;System info: os.name: &apos;Windows 10&apos;, os.arch: &apos;amd64&apos;, os.version: &apos;10.0&apos;, java.version: &apos;21.0.4&apos;&#10;Driver info: org.openqa.selenium.chrome.ChromeDriver&#10;Command: [null, newSession {capabilities=[Capabilities {browserName: chrome, goog:chromeOptions: {args: [], binary: C:\Program Files (x86)\Goog..., extensions: []}}]}]"/>
  </testcase>
  <testcase name="pageSetUp" classname="com.swagLabs.testCases.CheckoutPageTest" time="0.0">
    <skipped/>
  </testcase>
  <testcase name="validateCheckout" classname="com.swagLabs.testCases.CheckoutPageTest" time="0.0">
    <skipped message="Could not start a new session. Response code 500. Message: session not created: This version of ChromeDriver only supports Chrome version 127&#10;Current browser version is 129.0.6668.70 with binary path C:\Program Files (x86)\Google\Chrome\Application\chrome.exe &#10;Host info: host: &apos;LAPTOP-E41G59HM&apos;, ip: &apos;192.168.0.108&apos;&#10;Build info: version: &apos;4.23.1&apos;, revision: &apos;656257d8e9&apos;&#10;System info: os.name: &apos;Windows 10&apos;, os.arch: &apos;amd64&apos;, os.version: &apos;10.0&apos;, java.version: &apos;21.0.4&apos;&#10;Driver info: org.openqa.selenium.chrome.ChromeDriver&#10;Command: [null, newSession {capabilities=[Capabilities {browserName: chrome, goog:chromeOptions: {args: [], binary: C:\Program Files (x86)\Goog..., extensions: []}}]}]"/>
  </testcase>
  <testcase name="pagesetUp" classname="com.swagLabs.testCases.InventoryPageTest" time="0.0">
    <skipped/>
  </testcase>
  <testcase name="validateProductCount" classname="com.swagLabs.testCases.InventoryPageTest" time="0.0">
    <skipped message="Could not start a new session. Response code 500. Message: session not created: This version of ChromeDriver only supports Chrome version 127&#10;Current browser version is 129.0.6668.70 with binary path C:\Program Files (x86)\Google\Chrome\Application\chrome.exe &#10;Host info: host: &apos;LAPTOP-E41G59HM&apos;, ip: &apos;192.168.0.108&apos;&#10;Build info: version: &apos;4.23.1&apos;, revision: &apos;656257d8e9&apos;&#10;System info: os.name: &apos;Windows 10&apos;, os.arch: &apos;amd64&apos;, os.version: &apos;10.0&apos;, java.version: &apos;21.0.4&apos;&#10;Driver info: org.openqa.selenium.chrome.ChromeDriver&#10;Command: [null, newSession {capabilities=[Capabilities {browserName: chrome, goog:chromeOptions: {args: [], binary: C:\Program Files (x86)\Goog..., extensions: []}}]}]"/>
  </testcase>
  <testcase name="validateProductDeatils" classname="com.swagLabs.testCases.InventoryPageTest" time="0.0">
    <skipped message="Could not start a new session. Response code 500. Message: session not created: This version of ChromeDriver only supports Chrome version 127&#10;Current browser version is 129.0.6668.70 with binary path C:\Program Files (x86)\Google\Chrome\Application\chrome.exe &#10;Host info: host: &apos;LAPTOP-E41G59HM&apos;, ip: &apos;192.168.0.108&apos;&#10;Build info: version: &apos;4.23.1&apos;, revision: &apos;656257d8e9&apos;&#10;System info: os.name: &apos;Windows 10&apos;, os.arch: &apos;amd64&apos;, os.version: &apos;10.0&apos;, java.version: &apos;21.0.4&apos;&#10;Driver info: org.openqa.selenium.chrome.ChromeDriver&#10;Command: [null, newSession {capabilities=[Capabilities {browserName: chrome, goog:chromeOptions: {args: [], binary: C:\Program Files (x86)\Goog..., extensions: []}}]}]"/>
  </testcase>
  <testcase name="validateaddToCart" classname="com.swagLabs.testCases.InventoryPageTest" time="0.0">
    <skipped message="Could not start a new session. Response code 500. Message: session not created: This version of ChromeDriver only supports Chrome version 127&#10;Current browser version is 129.0.6668.70 with binary path C:\Program Files (x86)\Google\Chrome\Application\chrome.exe &#10;Host info: host: &apos;LAPTOP-E41G59HM&apos;, ip: &apos;192.168.0.108&apos;&#10;Build info: version: &apos;4.23.1&apos;, revision: &apos;656257d8e9&apos;&#10;System info: os.name: &apos;Windows 10&apos;, os.arch: &apos;amd64&apos;, os.version: &apos;10.0&apos;, java.version: &apos;21.0.4&apos;&#10;Driver info: org.openqa.selenium.chrome.ChromeDriver&#10;Command: [null, newSession {capabilities=[Capabilities {browserName: chrome, goog:chromeOptions: {args: [], binary: C:\Program Files (x86)\Goog..., extensions: []}}]}]"/>
  </testcase>
  <testcase name="validateCartPageInit" classname="com.swagLabs.testCases.InventoryPageTest" time="0.0">
    <skipped message="Could not start a new session. Response code 500. Message: session not created: This version of ChromeDriver only supports Chrome version 127&#10;Current browser version is 129.0.6668.70 with binary path C:\Program Files (x86)\Google\Chrome\Application\chrome.exe &#10;Host info: host: &apos;LAPTOP-E41G59HM&apos;, ip: &apos;192.168.0.108&apos;&#10;Build info: version: &apos;4.23.1&apos;, revision: &apos;656257d8e9&apos;&#10;System info: os.name: &apos;Windows 10&apos;, os.arch: &apos;amd64&apos;, os.version: &apos;10.0&apos;, java.version: &apos;21.0.4&apos;&#10;Driver info: org.openqa.selenium.chrome.ChromeDriver&#10;Command: [null, newSession {capabilities=[Capabilities {browserName: chrome, goog:chromeOptions: {args: [], binary: C:\Program Files (x86)\Goog..., extensions: []}}]}]"/>
  </testcase>
  <testcase name="validateUrl" classname="com.swagLabs.testCases.LoginPageTest" time="0.0">
    <skipped message="Could not start a new session. Response code 500. Message: session not created: This version of ChromeDriver only supports Chrome version 127&#10;Current browser version is 129.0.6668.70 with binary path C:\Program Files (x86)\Google\Chrome\Application\chrome.exe &#10;Host info: host: &apos;LAPTOP-E41G59HM&apos;, ip: &apos;192.168.0.108&apos;&#10;Build info: version: &apos;4.23.1&apos;, revision: &apos;656257d8e9&apos;&#10;System info: os.name: &apos;Windows 10&apos;, os.arch: &apos;amd64&apos;, os.version: &apos;10.0&apos;, java.version: &apos;21.0.4&apos;&#10;Driver info: org.openqa.selenium.chrome.ChromeDriver&#10;Command: [null, newSession {capabilities=[Capabilities {browserName: chrome, goog:chromeOptions: {args: [], binary: C:\Program Files (x86)\Goog..., extensions: []}}]}]"/>
  </testcase>
  <testcase name="validateTitle" classname="com.swagLabs.testCases.LoginPageTest" time="0.0">
    <skipped message="Could not start a new session. Response code 500. Message: session not created: This version of ChromeDriver only supports Chrome version 127&#10;Current browser version is 129.0.6668.70 with binary path C:\Program Files (x86)\Google\Chrome\Application\chrome.exe &#10;Host info: host: &apos;LAPTOP-E41G59HM&apos;, ip: &apos;192.168.0.108&apos;&#10;Build info: version: &apos;4.23.1&apos;, revision: &apos;656257d8e9&apos;&#10;System info: os.name: &apos;Windows 10&apos;, os.arch: &apos;amd64&apos;, os.version: &apos;10.0&apos;, java.version: &apos;21.0.4&apos;&#10;Driver info: org.openqa.selenium.chrome.ChromeDriver&#10;Command: [null, newSession {capabilities=[Capabilities {browserName: chrome, goog:chromeOptions: {args: [], binary: C:\Program Files (x86)\Goog..., extensions: []}}]}]"/>
  </testcase>
  <testcase name="validateLogin" classname="com.swagLabs.testCases.LoginPageTest" time="0.0">
    <skipped message="Could not start a new session. Response code 500. Message: session not created: This version of ChromeDriver only supports Chrome version 127&#10;Current browser version is 129.0.6668.70 with binary path C:\Program Files (x86)\Google\Chrome\Application\chrome.exe &#10;Host info: host: &apos;LAPTOP-E41G59HM&apos;, ip: &apos;192.168.0.108&apos;&#10;Build info: version: &apos;4.23.1&apos;, revision: &apos;656257d8e9&apos;&#10;System info: os.name: &apos;Windows 10&apos;, os.arch: &apos;amd64&apos;, os.version: &apos;10.0&apos;, java.version: &apos;21.0.4&apos;&#10;Driver info: org.openqa.selenium.chrome.ChromeDriver&#10;Command: [null, newSession {capabilities=[Capabilities {browserName: chrome, goog:chromeOptions: {args: [], binary: C:\Program Files (x86)\Goog..., extensions: []}}]}]"/>
  </testcase>
  <testcase name="pageSetUp" classname="com.swagLabs.testCases.OverviewPageTest" time="0.0">
    <skipped/>
  </testcase>
  <testcase name="validateSummary" classname="com.swagLabs.testCases.OverviewPageTest" time="0.0">
    <skipped message="Could not start a new session. Response code 500. Message: session not created: This version of ChromeDriver only supports Chrome version 127&#10;Current browser version is 129.0.6668.70 with binary path C:\Program Files (x86)\Google\Chrome\Application\chrome.exe &#10;Host info: host: &apos;LAPTOP-E41G59HM&apos;, ip: &apos;192.168.0.108&apos;&#10;Build info: version: &apos;4.23.1&apos;, revision: &apos;656257d8e9&apos;&#10;System info: os.name: &apos;Windows 10&apos;, os.arch: &apos;amd64&apos;, os.version: &apos;10.0&apos;, java.version: &apos;21.0.4&apos;&#10;Driver info: org.openqa.selenium.chrome.ChromeDriver&#10;Command: [null, newSession {capabilities=[Capabilities {browserName: chrome, goog:chromeOptions: {args: [], binary: C:\Program Files (x86)\Goog..., extensions: []}}]}]"/>
  </testcase>
  <testcase name="validateCompleteOrder" classname="com.swagLabs.testCases.OverviewPageTest" time="0.0">
    <skipped message="Could not start a new session. Response code 500. Message: session not created: This version of ChromeDriver only supports Chrome version 127&#10;Current browser version is 129.0.6668.70 with binary path C:\Program Files (x86)\Google\Chrome\Application\chrome.exe &#10;Host info: host: &apos;LAPTOP-E41G59HM&apos;, ip: &apos;192.168.0.108&apos;&#10;Build info: version: &apos;4.23.1&apos;, revision: &apos;656257d8e9&apos;&#10;System info: os.name: &apos;Windows 10&apos;, os.arch: &apos;amd64&apos;, os.version: &apos;10.0&apos;, java.version: &apos;21.0.4&apos;&#10;Driver info: org.openqa.selenium.chrome.ChromeDriver&#10;Command: [null, newSession {capabilities=[Capabilities {browserName: chrome, goog:chromeOptions: {args: [], binary: C:\Program Files (x86)\Goog..., extensions: []}}]}]"/>
  </testcase>
</testsuite>